<?xml version="1.0" encoding="UTF-8" ?>
<testsuite failures="0" time="1.761" errors="5" skipped="0" tests="5" name="org.eclipse.moquette.server.ServerIntegrationFuseTest">
  <properties>
[...]
</properties>
  <testcase time="0.188" classname="org.eclipse.moquette.server.ServerIntegrationFuseTest" name="checkWillTestmaentIsPublishedOnConnectionKill_noRetain">
    <error message="Address already in use" type="java.net.BindException">java.net.BindException: Address already in use
	at sun.nio.ch.Net.bind0(Native Method)
	at sun.nio.ch.Net.bind(Net.java:444)
	at sun.nio.ch.Net.bind(Net.java:436)
	at sun.nio.ch.ServerSocketChannelImpl.bind(ServerSocketChannelImpl.java:214)
	at sun.nio.ch.ServerSocketAdaptor.bind(ServerSocketAdaptor.java:74)
	at io.netty.channel.socket.nio.NioServerSocketChannel.doBind(NioServerSocketChannel.java:101)
	at io.netty.channel.AbstractChannel$AbstractUnsafe.bind(AbstractChannel.java:478)
	at io.netty.channel.DefaultChannelPipeline$HeadHandler.bind(DefaultChannelPipeline.java:1000)
	at io.netty.channel.DefaultChannelHandlerContext.invokeBind(DefaultChannelHandlerContext.java:451)
	at io.netty.channel.DefaultChannelHandlerContext.bind(DefaultChannelHandlerContext.java:436)
	at io.netty.channel.DefaultChannelPipeline.bind(DefaultChannelPipeline.java:842)
	at io.netty.channel.AbstractChannel.bind(AbstractChannel.java:193)
	at io.netty.bootstrap.AbstractBootstrap$2.run(AbstractBootstrap.java:321)
	at io.netty.util.concurrent.SingleThreadEventExecutor.runAllTasks(SingleThreadEventExecutor.java:354)
	at io.netty.channel.nio.NioEventLoop.run(NioEventLoop.java:348)
	at io.netty.util.concurrent.SingleThreadEventExecutor$2.run(SingleThreadEventExecutor.java:101)
	at java.lang.Thread.run(Thread.java:744)
</error>
    <system-out>Server stopping...
Server stopped
</system-out>
  </testcase>
  <testcase time="0.384" classname="org.eclipse.moquette.server.ServerIntegrationFuseTest" name="checkReplayStoredPublish_forNoCleanSession_qos1">
    <error message="Address already in use" type="java.net.BindException">java.net.BindException: Address already in use
	at sun.nio.ch.Net.bind0(Native Method)
	at sun.nio.ch.Net.bind(Net.java:444)
	at sun.nio.ch.Net.bind(Net.java:436)
	at sun.nio.ch.ServerSocketChannelImpl.bind(ServerSocketChannelImpl.java:214)
	at sun.nio.ch.ServerSocketAdaptor.bind(ServerSocketAdaptor.java:74)
	at io.netty.channel.socket.nio.NioServerSocketChannel.doBind(NioServerSocketChannel.java:101)
	at io.netty.channel.AbstractChannel$AbstractUnsafe.bind(AbstractChannel.java:478)
	at io.netty.channel.DefaultChannelPipeline$HeadHandler.bind(DefaultChannelPipeline.java:1000)
	at io.netty.channel.DefaultChannelHandlerContext.invokeBind(DefaultChannelHandlerContext.java:451)
	at io.netty.channel.DefaultChannelHandlerContext.bind(DefaultChannelHandlerContext.java:436)
	at io.netty.channel.DefaultChannelPipeline.bind(DefaultChannelPipeline.java:842)
	at io.netty.channel.AbstractChannel.bind(AbstractChannel.java:193)
	at io.netty.bootstrap.AbstractBootstrap$2.run(AbstractBootstrap.java:321)
	at io.netty.util.concurrent.SingleThreadEventExecutor.runAllTasks(SingleThreadEventExecutor.java:354)
	at io.netty.channel.nio.NioEventLoop.run(NioEventLoop.java:348)
	at io.netty.util.concurrent.SingleThreadEventExecutor$2.run(SingleThreadEventExecutor.java:101)
	at java.lang.Thread.run(Thread.java:744)
</error>
    <system-out>Server stopping...
Server stopped
</system-out>
  </testcase>
  <testcase time="0.367" classname="org.eclipse.moquette.server.ServerIntegrationFuseTest" name="checkQoS2SuscriberDisconnectReceivePersistedPublishes">
    <error message="Address already in use" type="java.net.BindException">java.net.BindException: Address already in use
	at sun.nio.ch.Net.bind0(Native Method)
	at sun.nio.ch.Net.bind(Net.java:444)
	at sun.nio.ch.Net.bind(Net.java:436)
	at sun.nio.ch.ServerSocketChannelImpl.bind(ServerSocketChannelImpl.java:214)
	at sun.nio.ch.ServerSocketAdaptor.bind(ServerSocketAdaptor.java:74)
	at io.netty.channel.socket.nio.NioServerSocketChannel.doBind(NioServerSocketChannel.java:101)
	at io.netty.channel.AbstractChannel$AbstractUnsafe.bind(AbstractChannel.java:478)
	at io.netty.channel.DefaultChannelPipeline$HeadHandler.bind(DefaultChannelPipeline.java:1000)
	at io.netty.channel.DefaultChannelHandlerContext.invokeBind(DefaultChannelHandlerContext.java:451)
	at io.netty.channel.DefaultChannelHandlerContext.bind(DefaultChannelHandlerContext.java:436)
	at io.netty.channel.DefaultChannelPipeline.bind(DefaultChannelPipeline.java:842)
	at io.netty.channel.AbstractChannel.bind(AbstractChannel.java:193)
	at io.netty.bootstrap.AbstractBootstrap$2.run(AbstractBootstrap.java:321)
	at io.netty.util.concurrent.SingleThreadEventExecutor.runAllTasks(SingleThreadEventExecutor.java:354)
	at io.netty.channel.nio.NioEventLoop.run(NioEventLoop.java:348)
	at io.netty.util.concurrent.SingleThreadEventExecutor$2.run(SingleThreadEventExecutor.java:101)
	at java.lang.Thread.run(Thread.java:744)
</error>
    <system-out>Server stopping...
Server stopped
</system-out>
  </testcase>
  <testcase time="0.378" classname="org.eclipse.moquette.server.ServerIntegrationFuseTest" name="checkReplayofStoredPublishResumeAfter_a_disconnect_cleanSessionFalseQoS1">
    <error message="Address already in use" type="java.net.BindException">java.net.BindException: Address already in use
	at sun.nio.ch.Net.bind0(Native Method)
	at sun.nio.ch.Net.bind(Net.java:444)
	at sun.nio.ch.Net.bind(Net.java:436)
	at sun.nio.ch.ServerSocketChannelImpl.bind(ServerSocketChannelImpl.java:214)
	at sun.nio.ch.ServerSocketAdaptor.bind(ServerSocketAdaptor.java:74)
	at io.netty.channel.socket.nio.NioServerSocketChannel.doBind(NioServerSocketChannel.java:101)
	at io.netty.channel.AbstractChannel$AbstractUnsafe.bind(AbstractChannel.java:478)
	at io.netty.channel.DefaultChannelPipeline$HeadHandler.bind(DefaultChannelPipeline.java:1000)
	at io.netty.channel.DefaultChannelHandlerContext.invokeBind(DefaultChannelHandlerContext.java:451)
	at io.netty.channel.DefaultChannelHandlerContext.bind(DefaultChannelHandlerContext.java:436)
	at io.netty.channel.DefaultChannelPipeline.bind(DefaultChannelPipeline.java:842)
	at io.netty.channel.AbstractChannel.bind(AbstractChannel.java:193)
	at io.netty.bootstrap.AbstractBootstrap$2.run(AbstractBootstrap.java:321)
	at io.netty.util.concurrent.SingleThreadEventExecutor.runAllTasks(SingleThreadEventExecutor.java:354)
	at io.netty.channel.nio.NioEventLoop.run(NioEventLoop.java:348)
	at io.netty.util.concurrent.SingleThreadEventExecutor$2.run(SingleThreadEventExecutor.java:101)
	at java.lang.Thread.run(Thread.java:744)
</error>
    <system-out>Server stopping...
Server stopped
</system-out>
  </testcase>
  <testcase time="0.442" classname="org.eclipse.moquette.server.ServerIntegrationFuseTest" name="connectWithCredentials">
    <error message="Address already in use" type="java.net.BindException">java.net.BindException: Address already in use
	at sun.nio.ch.Net.bind0(Native Method)
	at sun.nio.ch.Net.bind(Net.java:444)
	at sun.nio.ch.Net.bind(Net.java:436)
	at sun.nio.ch.ServerSocketChannelImpl.bind(ServerSocketChannelImpl.java:214)
	at sun.nio.ch.ServerSocketAdaptor.bind(ServerSocketAdaptor.java:74)
	at io.netty.channel.socket.nio.NioServerSocketChannel.doBind(NioServerSocketChannel.java:101)
	at io.netty.channel.AbstractChannel$AbstractUnsafe.bind(AbstractChannel.java:478)
	at io.netty.channel.DefaultChannelPipeline$HeadHandler.bind(DefaultChannelPipeline.java:1000)
	at io.netty.channel.DefaultChannelHandlerContext.invokeBind(DefaultChannelHandlerContext.java:451)
	at io.netty.channel.DefaultChannelHandlerContext.bind(DefaultChannelHandlerContext.java:436)
	at io.netty.channel.DefaultChannelPipeline.bind(DefaultChannelPipeline.java:842)
	at io.netty.channel.AbstractChannel.bind(AbstractChannel.java:193)
	at io.netty.bootstrap.AbstractBootstrap$2.run(AbstractBootstrap.java:321)
	at io.netty.util.concurrent.SingleThreadEventExecutor.runAllTasks(SingleThreadEventExecutor.java:354)
	at io.netty.channel.nio.NioEventLoop.run(NioEventLoop.java:348)
	at io.netty.util.concurrent.SingleThreadEventExecutor$2.run(SingleThreadEventExecutor.java:101)
	at java.lang.Thread.run(Thread.java:744)
</error>
    <system-out>Server stopping...
Server stopped
</system-out>
    <system-err>Oct 27, 2014 4:18:24 AM com.lmax.disruptor.FatalExceptionHandler handleEventException
SEVERE: Exception processing: 1 org.eclipse.moquette.spi.impl.ValueEvent@1321838
java.lang.RuntimeException: java.lang.reflect.InvocationTargetException
	at org.eclipse.moquette.spi.impl.AnnotationSupport.dispatch(AnnotationSupport.java:66)
	at org.eclipse.moquette.spi.impl.SimpleMessaging.onEvent(SimpleMessaging.java:155)
	at org.eclipse.moquette.spi.impl.SimpleMessaging.onEvent(SimpleMessaging.java:50)
	at com.lmax.disruptor.BatchEventProcessor.run(BatchEventProcessor.java:128)
	at java.util.concurrent.ThreadPoolExecutor.runWorker(ThreadPoolExecutor.java:1145)
	at java.util.concurrent.ThreadPoolExecutor$Worker.run(ThreadPoolExecutor.java:615)
	at java.lang.Thread.run(Thread.java:744)
Caused by: java.lang.reflect.InvocationTargetException
	at sun.reflect.GeneratedMethodAccessor9.invoke(Unknown Source)
	at sun.reflect.DelegatingMethodAccessorImpl.invoke(DelegatingMethodAccessorImpl.java:43)
	at java.lang.reflect.Method.invoke(Method.java:606)
	at org.eclipse.moquette.spi.impl.AnnotationSupport.dispatch(AnnotationSupport.java:64)
	... 6 more
Caused by: java.lang.IllegalAccessError: DB has been closed
	at org.mapdb.EngineWrapper.checkClosed(EngineWrapper.java:161)
	at org.mapdb.Caches$HashTable.get(Caches.java:325)
	at org.mapdb.HTreeMap.putInner(HTreeMap.java:496)
	at org.mapdb.HTreeMap.put(HTreeMap.java:484)
	at org.eclipse.moquette.spi.persistence.MapDBPersistentStore.updateSubscriptions(MapDBPersistentStore.java:208)
	at org.eclipse.moquette.spi.impl.subscriptions.SubscriptionsStore.activate(SubscriptionsStore.java:188)
	at org.eclipse.moquette.spi.impl.ProtocolProcessor.processConnect(ProtocolProcessor.java:213)
	... 10 more

Exception in thread &quot;pool-27-thread-1&quot; java.lang.RuntimeException: java.lang.RuntimeException: java.lang.reflect.InvocationTargetException
	at com.lmax.disruptor.FatalExceptionHandler.handleEventException(FatalExceptionHandler.java:45)
	at com.lmax.disruptor.BatchEventProcessor.run(BatchEventProcessor.java:147)
	at java.util.concurrent.ThreadPoolExecutor.runWorker(ThreadPoolExecutor.java:1145)
	at java.util.concurrent.ThreadPoolExecutor$Worker.run(ThreadPoolExecutor.java:615)
	at java.lang.Thread.run(Thread.java:744)
Caused by: java.lang.RuntimeException: java.lang.reflect.InvocationTargetException
	at org.eclipse.moquette.spi.impl.AnnotationSupport.dispatch(AnnotationSupport.java:66)
	at org.eclipse.moquette.spi.impl.SimpleMessaging.onEvent(SimpleMessaging.java:155)
	at org.eclipse.moquette.spi.impl.SimpleMessaging.onEvent(SimpleMessaging.java:50)
	at com.lmax.disruptor.BatchEventProcessor.run(BatchEventProcessor.java:128)
	... 3 more
Caused by: java.lang.reflect.InvocationTargetException
	at sun.reflect.GeneratedMethodAccessor9.invoke(Unknown Source)
	at sun.reflect.DelegatingMethodAccessorImpl.invoke(DelegatingMethodAccessorImpl.java:43)
	at java.lang.reflect.Method.invoke(Method.java:606)
	at org.eclipse.moquette.spi.impl.AnnotationSupport.dispatch(AnnotationSupport.java:64)
	... 6 more
Caused by: java.lang.IllegalAccessError: DB has been closed
	at org.mapdb.EngineWrapper.checkClosed(EngineWrapper.java:161)
	at org.mapdb.Caches$HashTable.get(Caches.java:325)
	at org.mapdb.HTreeMap.putInner(HTreeMap.java:496)
	at org.mapdb.HTreeMap.put(HTreeMap.java:484)
	at org.eclipse.moquette.spi.persistence.MapDBPersistentStore.updateSubscriptions(MapDBPersistentStore.java:208)
	at org.eclipse.moquette.spi.impl.subscriptions.SubscriptionsStore.activate(SubscriptionsStore.java:188)
	at org.eclipse.moquette.spi.impl.ProtocolProcessor.processConnect(ProtocolProcessor.java:213)
	... 10 more
</system-err>
  </testcase>
</testsuite>